D:\PROJECT\SOURCE\IPS\VISIONMODULEIPS\X64\RELEASE\STDAFX.OBJ
D:\PROJECT\SOURCE\IPS\VISIONMODULEIPS\X64\RELEASE\VC100.PDB
D:\PROJECT\SOURCE\IPS\VISIONMODULEIPS\X64\RELEASE\VISIONMODULE.OBJ
D:\PROJECT\SOURCE\IPS\VISIONMODULEIPS\X64\RELEASE\VISIONMODULEIPS.DLL.INTERMEDIATE.MANIFEST
D:\PROJECT\SOURCE\IPS\VISIONMODULEIPS\X64\RELEASE\VISIONMODULEIPS.OBJ
D:\PROJECT\SOURCE\IPS\VISIONMODULEIPS\X64\RELEASE\VISIONMODULEIPS.PCH
D:\PROJECT\SOURCE\IPS\VISIONMODULEIPS\X64\RELEASE\VISIONMODULEIPS.RES
D:\PROJECT\SOURCE\IPS\X64\RELEASE\VISIONMODULEIPS.DLL
D:\Project\Source\IPS\x64\Release\VisionModuleIPS.exp
D:\Project\Source\IPS\x64\Release\VisionModuleIPS.lib
D:\PROJECT\SOURCE\IPS\X64\RELEASE\VISIONMODULEIPS.PDB
D:\Project\sourec\IPS\VisionModuleIPS\x64\Release\cl.command.1.tlog
D:\Project\sourec\IPS\VisionModuleIPS\x64\Release\CL.read.1.tlog
D:\Project\sourec\IPS\VisionModuleIPS\x64\Release\CL.write.1.tlog
D:\Project\sourec\IPS\VisionModuleIPS\x64\Release\link.command.1.tlog
D:\Project\sourec\IPS\VisionModuleIPS\x64\Release\link.read.1.tlog
D:\Project\sourec\IPS\VisionModuleIPS\x64\Release\link.write.1.tlog
D:\Project\sourec\IPS\VisionModuleIPS\x64\Release\link-cvtres.read.1.tlog
D:\Project\sourec\IPS\VisionModuleIPS\x64\Release\link-cvtres.write.1.tlog
D:\Project\sourec\IPS\VisionModuleIPS\x64\Release\mt.command.1.tlog
D:\Project\sourec\IPS\VisionModuleIPS\x64\Release\mt.read.1.tlog
D:\Project\sourec\IPS\VisionModuleIPS\x64\Release\mt.write.1.tlog
D:\Project\sourec\IPS\VisionModuleIPS\x64\Release\rc.command.1.tlog
D:\Project\sourec\IPS\VisionModuleIPS\x64\Release\rc.read.1.tlog
D:\Project\sourec\IPS\VisionModuleIPS\x64\Release\rc.write.1.tlog
D:\PROJECT\SOUREC\IPS\VISIONMODULEIPS\X64\RELEASE\STDAFX.OBJ
D:\PROJECT\SOUREC\IPS\VISIONMODULEIPS\X64\RELEASE\VC100.PDB
D:\PROJECT\SOUREC\IPS\VISIONMODULEIPS\X64\RELEASE\VISIONMODULE.OBJ
D:\PROJECT\SOUREC\IPS\VISIONMODULEIPS\X64\RELEASE\VISIONMODULEIPS.DLL.INTERMEDIATE.MANIFEST
D:\PROJECT\SOUREC\IPS\VISIONMODULEIPS\X64\RELEASE\VISIONMODULEIPS.OBJ
D:\PROJECT\SOUREC\IPS\VISIONMODULEIPS\X64\RELEASE\VISIONMODULEIPS.PCH
D:\PROJECT\SOUREC\IPS\VISIONMODULEIPS\X64\RELEASE\VISIONMODULEIPS.RES
D:\Project\sourec\IPS\VisionModuleIPS\x64\Release\VisionModuleIPS.write.1.tlog
D:\PROJECT\SOUREC\IPS\X64\RELEASE\VISIONMODULEIPS.DLL
D:\Project\sourec\IPS\x64\Release\VisionModuleIPS.exp
D:\Project\sourec\IPS\x64\Release\VisionModuleIPS.lib
D:\PROJECT\SOUREC\IPS\X64\RELEASE\VISIONMODULEIPS.PDB
