D:\Project\Source\IPS\IPS\VisionModuleIPS\x64\Debug\cl.command.1.tlog
D:\Project\Source\IPS\IPS\VisionModuleIPS\x64\Debug\CL.read.1.tlog
D:\Project\Source\IPS\IPS\VisionModuleIPS\x64\Debug\CL.write.1.tlog
D:\Project\Source\IPS\IPS\VisionModuleIPS\x64\Debug\link.13720.read.1.tlog
D:\Project\Source\IPS\IPS\VisionModuleIPS\x64\Debug\link.13720.write.1.tlog
D:\Project\Source\IPS\IPS\VisionModuleIPS\x64\Debug\link.13720-cvtres.read.1.tlog
D:\Project\Source\IPS\IPS\VisionModuleIPS\x64\Debug\link.13720-cvtres.write.1.tlog
D:\Project\Source\IPS\IPS\VisionModuleIPS\x64\Debug\link.command.1.tlog
D:\Project\Source\IPS\IPS\VisionModuleIPS\x64\Debug\link.read.1.tlog
D:\Project\Source\IPS\IPS\VisionModuleIPS\x64\Debug\link.write.1.tlog
D:\Project\Source\IPS\IPS\VisionModuleIPS\x64\Debug\link-cvtres.read.1.tlog
D:\Project\Source\IPS\IPS\VisionModuleIPS\x64\Debug\link-cvtres.write.1.tlog
D:\Project\Source\IPS\IPS\VisionModuleIPS\x64\Debug\mt.command.1.tlog
D:\Project\Source\IPS\IPS\VisionModuleIPS\x64\Debug\mt.read.1.tlog
D:\Project\Source\IPS\IPS\VisionModuleIPS\x64\Debug\mt.write.1.tlog
D:\Project\Source\IPS\IPS\VisionModuleIPS\x64\Debug\rc.command.1.tlog
D:\Project\Source\IPS\IPS\VisionModuleIPS\x64\Debug\rc.read.1.tlog
D:\Project\Source\IPS\IPS\VisionModuleIPS\x64\Debug\rc.write.1.tlog
D:\PROJECT\SOURCE\IPS\IPS\VISIONMODULEIPS\X64\DEBUG\STDAFX.OBJ
D:\Project\Source\IPS\IPS\VisionModuleIPS\x64\Debug\vc100.idb
D:\PROJECT\SOURCE\IPS\IPS\VISIONMODULEIPS\X64\DEBUG\VC100.PDB
D:\PROJECT\SOURCE\IPS\IPS\VISIONMODULEIPS\X64\DEBUG\VISIONMODULE.OBJ
D:\PROJECT\SOURCE\IPS\IPS\VISIONMODULEIPS\X64\DEBUG\VISIONMODULEIPS.DLL.EMBED.MANIFEST
D:\PROJECT\SOURCE\IPS\IPS\VISIONMODULEIPS\X64\DEBUG\VISIONMODULEIPS.DLL.EMBED.MANIFEST.RES
D:\PROJECT\SOURCE\IPS\IPS\VISIONMODULEIPS\X64\DEBUG\VISIONMODULEIPS.DLL.INTERMEDIATE.MANIFEST
D:\PROJECT\SOURCE\IPS\IPS\VISIONMODULEIPS\X64\DEBUG\VISIONMODULEIPS.OBJ
D:\PROJECT\SOURCE\IPS\IPS\VISIONMODULEIPS\X64\DEBUG\VISIONMODULEIPS.PCH
D:\PROJECT\SOURCE\IPS\IPS\VISIONMODULEIPS\X64\DEBUG\VISIONMODULEIPS.RES
D:\Project\Source\IPS\IPS\VisionModuleIPS\x64\Debug\VisionModuleIPS.vcxprojResolveAssemblyReference.cache
D:\Project\Source\IPS\IPS\VisionModuleIPS\x64\Debug\VisionModuleIPS.write.1.tlog
D:\Project\Source\IPS\IPS\VisionModuleIPS\x64\Debug\VisionModuleIPS_manifest.rc
D:\PROJECT\SOURCE\IPS\IPS\X64\DEBUG\VISIONMODULEIPS.DLL
D:\Project\Source\IPS\IPS\x64\Debug\VisionModuleIPS.exp
D:\PROJECT\SOURCE\IPS\IPS\X64\DEBUG\VISIONMODULEIPS.ILK
D:\Project\Source\IPS\IPS\x64\Debug\VisionModuleIPS.lib
D:\PROJECT\SOURCE\IPS\IPS\X64\DEBUG\VISIONMODULEIPS.PDB
