빌드 시작: 2015-11-26 오후 6:50:39
     1>2 노드의 "D:\Project\sourec\IPS\IPS\IPS.vcxproj" 프로젝트(build 대상)입니다.
     1>InitializeBuildStatus:
         "AlwaysCreate"이(가) 지정되었기 때문에 "x64\Release\IPS.unsuccessfulbuild"을(를) 만들고 있습니다.
       Midl:
         모든 출력이 최신 상태입니다.
       ClCompile:
         C:\Program Files (x86)\Microsoft Visual Studio 10.0\VC\bin\x86_amd64\CL.exe /c /ID:\Project\Source\IPS\IPS /I"C:\Program Files\MVTec\HALCON-12.0\include\cpp" /I"C:\Program Files\MVTec\HALCON-12.0\include\halconcpp" /I"C:\Program Files\Matrox Imaging\MIL\Include" /I"C:\Program Files\MVTec\HALCON-12.0\include" /I"C:\Program Files\3D Active Button Magic\Wrappers\cpp.net" /I"C:\Program Files\3D Active Button Magic\Include" /ID:\Project\sourec\IPS\IPS\include /Zi /nologo /W3 /WX- /O2 /Oi /GL /D WIN32 /D _WINDOWS /D NDEBUG /D _UNICODE /D UNICODE /D _AFXDLL /Gm- /EHsc /MD /GS /Gy /fp:precise /Zc:wchar_t /Zc:forScope /Yc"StdAfx.h" /Fp"x64\Release\IPS.pch" /Fo"x64\Release\\" /Fd"x64\Release\vc100.pdb" /Gd /TP /errorReport:prompt stdafx.cpp
         stdafx.cpp
     1>c:\program files\mvtec\halcon-12.0\include\cpp\HImage.h(797): warning C4819: 현재 코드 페이지(949)에서 표시할 수 없는 문자가 파일에 들어 있습니다. 데이터가 손실되지 않게 하려면 해당 파일을 유니코드 형식으로 저장하십시오.
     1>C:\Program Files\Matrox Imaging\MIL\Include\mil.h : warning C4819: 현재 코드 페이지(949)에서 표시할 수 없는 문자가 파일에 들어 있습니다. 데이터가 손실되지 않게 하려면 해당 파일을 유니코드 형식으로 저장하십시오.
     1>C:\Program Files\Matrox Imaging\MIL\Include\milsetup.h : warning C4819: 현재 코드 페이지(949)에서 표시할 수 없는 문자가 파일에 들어 있습니다. 데이터가 손실되지 않게 하려면 해당 파일을 유니코드 형식으로 저장하십시오.
     1>C:\Program Files\Matrox Imaging\MIL\Include\milos.h : warning C4819: 현재 코드 페이지(949)에서 표시할 수 없는 문자가 파일에 들어 있습니다. 데이터가 손실되지 않게 하려면 해당 파일을 유니코드 형식으로 저장하십시오.
     1>c:\program files\matrox imaging\mil\include\mil.h : warning C4819: 현재 코드 페이지(949)에서 표시할 수 없는 문자가 파일에 들어 있습니다. 데이터가 손실되지 않게 하려면 해당 파일을 유니코드 형식으로 저장하십시오.
     1>C:\Program Files\Matrox Imaging\MIL\Include\milproto.h : warning C4819: 현재 코드 페이지(949)에서 표시할 수 없는 문자가 파일에 들어 있습니다. 데이터가 손실되지 않게 하려면 해당 파일을 유니코드 형식으로 저장하십시오.
     1>c:\program files\matrox imaging\mil\include\MilDyn\mildisplay.h : warning C4819: 현재 코드 페이지(949)에서 표시할 수 없는 문자가 파일에 들어 있습니다. 데이터가 손실되지 않게 하려면 해당 파일을 유니코드 형식으로 저장하십시오.
     1>c:\program files\matrox imaging\mil\include\MilDyn\milim.h : warning C4819: 현재 코드 페이지(949)에서 표시할 수 없는 문자가 파일에 들어 있습니다. 데이터가 손실되지 않게 하려면 해당 파일을 유니코드 형식으로 저장하십시오.
         C:\Program Files (x86)\Microsoft Visual Studio 10.0\VC\bin\x86_amd64\CL.exe /c /ID:\Project\Source\IPS\IPS /I"C:\Program Files\MVTec\HALCON-12.0\include\cpp" /I"C:\Program Files\MVTec\HALCON-12.0\include\halconcpp" /I"C:\Program Files\Matrox Imaging\MIL\Include" /I"C:\Program Files\MVTec\HALCON-12.0\include" /I"C:\Program Files\3D Active Button Magic\Wrappers\cpp.net" /I"C:\Program Files\3D Active Button Magic\Include" /ID:\Project\sourec\IPS\IPS\include /Zi /nologo /W3 /WX- /O2 /Oi /GL /D WIN32 /D _WINDOWS /D NDEBUG /D _UNICODE /D UNICODE /D _AFXDLL /Gm- /EHsc /MD /GS /Gy /fp:precise /Zc:wchar_t /Zc:forScope /Yu"StdAfx.h" /Fp"x64\Release\IPS.pch" /Fo"x64\Release\\" /Fd"x64\Release\vc100.pdb" /Gd /TP /errorReport:prompt IPS.cpp IPSDlg.cpp btnenh.cpp btnenhctrl.cpp
         IPS.cpp
         IPSDlg.cpp
     1>IPSDlg.cpp(136): warning C4101: 'i' :참조되지 않은 지역 변수입니다.
     1>IPSDlg.cpp(135): warning C4101: 'herr' :참조되지 않은 지역 변수입니다.
     1>IPSDlg.cpp(138): warning C4101: 'height' :참조되지 않은 지역 변수입니다.
     1>IPSDlg.cpp(138): warning C4101: 'width' :참조되지 않은 지역 변수입니다.
         btnenh.cpp
         btnenhctrl.cpp
       ResourceCompile:
         모든 출력이 최신 상태입니다.
       Link:
         C:\Program Files (x86)\Microsoft Visual Studio 10.0\VC\bin\x86_amd64\link.exe /ERRORREPORT:PROMPT /OUT:"D:\Project\sourec\IPS\x64\Release\IPS.exe" /INCREMENTAL:NO /NOLOGO /LIBPATH:"C:\Program Files\Matrox Imaging\MIL\LIB" /LIBPATH:"C:\Program Files\MVTec\HALCON-12.0\lib\x64-win64" /LIBPATH:D:\Project\sourec\IPS\IPS\include _CtrlImageRect.lib _FuncModuleBasic.lib _FuncModuleHal.lib halconcpp10xl.lib mil.lib VisionModuleIPS.lib /NODEFAULTLIB:LIBCMT.lib /MANIFEST /ManifestFile:"x64\Release\IPS.exe.intermediate.manifest" /MANIFESTUAC:"level='asInvoker' uiAccess='false'" /DEBUG /PDB:"D:\Project\sourec\IPS\x64\Release\IPS.pdb" /SUBSYSTEM:WINDOWS /OPT:REF /OPT:ICF /LTCG /TLBID:1 /ENTRY:"wWinMainCRTStartup" /DYNAMICBASE /NXCOMPAT /IMPLIB:"D:\Project\sourec\IPS\x64\Release\IPS.lib" /MACHINE:X64 x64\Release\IPS.res
         x64\Release\btnenh.obj
         x64\Release\btnenhctrl.obj
         x64\Release\IPS.obj
         x64\Release\IPSDlg.obj
         x64\Release\stdafx.obj
         코드를 생성하고 있습니다.
         코드를 생성했습니다.
         IPS.vcxproj -> D:\Project\sourec\IPS\x64\Release\IPS.exe
       Manifest:
         c:\Program Files (x86)\Microsoft SDKs\Windows\v7.0A\bin\mt.exe /nologo /verbose /outputresource:"D:\Project\sourec\IPS\x64\Release\IPS.exe;#1" /manifest x64\Release\IPS.exe.intermediate.manifest "C:\Program Files (x86)\Microsoft Visual Studio 10.0\VC\Include\Manifest\dpiaware.manifest"
       RegisterOutput:
         "D:\Project\sourec\IPS\x64\Release\IPS.exe" /RegServer
       FinalizeBuildStatus:
         "x64\Release\IPS.unsuccessfulbuild" 파일을 삭제하고 있습니다.
         "x64\Release\IPS.lastbuildstate"에 연결(touching)하고 있습니다.
     1>"D:\Project\sourec\IPS\IPS\IPS.vcxproj" 프로젝트를 빌드했습니다(build 대상).

빌드했습니다.

경과 시간: 00:00:05.47
