D:\PROJECT\SOURCE\IPS\IPS\IPS_H.H
D:\PROJECT\SOURCE\IPS\IPS\IPS_I.C
D:\PROJECT\SOURCE\IPS\IPS\X64\RELEASE\BTNENH.OBJ
D:\PROJECT\SOURCE\IPS\IPS\X64\RELEASE\IPS.EXE.INTERMEDIATE.MANIFEST
D:\PROJECT\SOURCE\IPS\IPS\X64\RELEASE\IPS.OBJ
D:\PROJECT\SOURCE\IPS\IPS\X64\RELEASE\IPS.PCH
D:\PROJECT\SOURCE\IPS\IPS\X64\RELEASE\IPS.RES
D:\PROJECT\SOURCE\IPS\IPS\X64\RELEASE\IPS.TLB
D:\PROJECT\SOURCE\IPS\IPS\X64\RELEASE\IPSDLG.OBJ
D:\PROJECT\SOURCE\IPS\IPS\X64\RELEASE\STDAFX.OBJ
D:\PROJECT\SOURCE\IPS\IPS\X64\RELEASE\VC100.PDB
D:\PROJECT\SOURCE\IPS\X64\RELEASE\IPS.EXE
D:\PROJECT\SOURCE\IPS\X64\RELEASE\IPS.PDB
D:\PROJECT\SOUREC\IPS\IPS\IPS_H.H
D:\PROJECT\SOUREC\IPS\IPS\IPS_I.C
D:\PROJECT\SOUREC\IPS\IPS\X64\RELEASE\BTNENH.OBJ
D:\PROJECT\SOUREC\IPS\IPS\X64\RELEASE\BTNENHCTRL.OBJ
D:\Project\sourec\IPS\IPS\x64\Release\cl.command.1.tlog
D:\Project\sourec\IPS\IPS\x64\Release\CL.read.1.tlog
D:\Project\sourec\IPS\IPS\x64\Release\CL.write.1.tlog
D:\PROJECT\SOUREC\IPS\IPS\X64\RELEASE\IPS.EXE.INTERMEDIATE.MANIFEST
D:\PROJECT\SOUREC\IPS\IPS\X64\RELEASE\IPS.OBJ
D:\PROJECT\SOUREC\IPS\IPS\X64\RELEASE\IPS.PCH
D:\PROJECT\SOUREC\IPS\IPS\X64\RELEASE\IPS.RES
D:\PROJECT\SOUREC\IPS\IPS\X64\RELEASE\IPS.TLB
D:\Project\sourec\IPS\IPS\x64\Release\IPS.write.1.tlog
D:\PROJECT\SOUREC\IPS\IPS\X64\RELEASE\IPSDLG.OBJ
D:\Project\sourec\IPS\IPS\x64\Release\link.command.1.tlog
D:\Project\sourec\IPS\IPS\x64\Release\link.read.1.tlog
D:\Project\sourec\IPS\IPS\x64\Release\link.write.1.tlog
D:\Project\sourec\IPS\IPS\x64\Release\link-cvtres.read.1.tlog
D:\Project\sourec\IPS\IPS\x64\Release\link-cvtres.write.1.tlog
D:\Project\sourec\IPS\IPS\x64\Release\midl.command.1.tlog
D:\Project\sourec\IPS\IPS\x64\Release\midl.read.1.tlog
D:\Project\sourec\IPS\IPS\x64\Release\midl.write.1.tlog
D:\Project\sourec\IPS\IPS\x64\Release\midl-midlc.read.1.tlog
D:\Project\sourec\IPS\IPS\x64\Release\midl-midlc.write.1.tlog
D:\Project\sourec\IPS\IPS\x64\Release\midl-midlc-cl.read.1.tlog
D:\Project\sourec\IPS\IPS\x64\Release\midl-midlc-cl.write.1.tlog
D:\Project\sourec\IPS\IPS\x64\Release\mt.command.1.tlog
D:\Project\sourec\IPS\IPS\x64\Release\mt.read.1.tlog
D:\Project\sourec\IPS\IPS\x64\Release\mt.write.1.tlog
D:\Project\sourec\IPS\IPS\x64\Release\rc.command.1.tlog
D:\Project\sourec\IPS\IPS\x64\Release\rc.read.1.tlog
D:\Project\sourec\IPS\IPS\x64\Release\rc.write.1.tlog
D:\PROJECT\SOUREC\IPS\IPS\X64\RELEASE\STDAFX.OBJ
D:\PROJECT\SOUREC\IPS\IPS\X64\RELEASE\VC100.PDB
D:\PROJECT\SOUREC\IPS\X64\RELEASE\IPS.EXE
D:\PROJECT\SOUREC\IPS\X64\RELEASE\IPS.PDB
