D:\PROJECT\SOURCE\IPS\IPS\IPS\IPS_H.H
D:\PROJECT\SOURCE\IPS\IPS\IPS\IPS_I.C
D:\PROJECT\SOURCE\IPS\IPS\IPS\X64\DEBUG\BTNENH.OBJ
D:\PROJECT\SOURCE\IPS\IPS\IPS\X64\DEBUG\BTNENHCTRL.OBJ
D:\Project\Source\IPS\IPS\IPS\x64\Debug\cl.command.1.tlog
D:\Project\Source\IPS\IPS\IPS\x64\Debug\CL.read.1.tlog
D:\Project\Source\IPS\IPS\IPS\x64\Debug\CL.write.1.tlog
D:\PROJECT\SOURCE\IPS\IPS\IPS\X64\DEBUG\CLIENTSOK.OBJ
D:\PROJECT\SOURCE\IPS\IPS\IPS\X64\DEBUG\DIALOGSETUP.OBJ
D:\PROJECT\SOURCE\IPS\IPS\IPS\X64\DEBUG\DIALOGSETUPSYSTEM.OBJ
D:\PROJECT\SOURCE\IPS\IPS\IPS\X64\DEBUG\DIALOGSETUPTEACHING.OBJ
D:\PROJECT\SOURCE\IPS\IPS\IPS\X64\DEBUG\IPS.EXE.EMBED.MANIFEST
D:\PROJECT\SOURCE\IPS\IPS\IPS\X64\DEBUG\IPS.EXE.EMBED.MANIFEST.RES
D:\PROJECT\SOURCE\IPS\IPS\IPS\X64\DEBUG\IPS.EXE.INTERMEDIATE.MANIFEST
D:\PROJECT\SOURCE\IPS\IPS\IPS\X64\DEBUG\IPS.OBJ
D:\PROJECT\SOURCE\IPS\IPS\IPS\X64\DEBUG\IPS.PCH
D:\PROJECT\SOURCE\IPS\IPS\IPS\X64\DEBUG\IPS.RES
D:\PROJECT\SOURCE\IPS\IPS\IPS\X64\DEBUG\IPS.TLB
D:\Project\Source\IPS\IPS\IPS\x64\Debug\IPS.vcxprojResolveAssemblyReference.cache
D:\Project\Source\IPS\IPS\IPS\x64\Debug\IPS.write.1.tlog
D:\Project\Source\IPS\IPS\IPS\x64\Debug\IPS_manifest.rc
D:\PROJECT\SOURCE\IPS\IPS\IPS\X64\DEBUG\IPSDLG.OBJ
D:\Project\Source\IPS\IPS\IPS\x64\Debug\link.14260.read.1.tlog
D:\Project\Source\IPS\IPS\IPS\x64\Debug\link.14260.write.1.tlog
D:\Project\Source\IPS\IPS\IPS\x64\Debug\link.14260-cvtres.read.1.tlog
D:\Project\Source\IPS\IPS\IPS\x64\Debug\link.14260-cvtres.write.1.tlog
D:\Project\Source\IPS\IPS\IPS\x64\Debug\link.command.1.tlog
D:\Project\Source\IPS\IPS\IPS\x64\Debug\link.read.1.tlog
D:\Project\Source\IPS\IPS\IPS\x64\Debug\link.write.1.tlog
D:\Project\Source\IPS\IPS\IPS\x64\Debug\link-cvtres.read.1.tlog
D:\Project\Source\IPS\IPS\IPS\x64\Debug\link-cvtres.write.1.tlog
D:\Project\Source\IPS\IPS\IPS\x64\Debug\midl.command.1.tlog
D:\Project\Source\IPS\IPS\IPS\x64\Debug\midl.read.1.tlog
D:\Project\Source\IPS\IPS\IPS\x64\Debug\midl.write.1.tlog
D:\Project\Source\IPS\IPS\IPS\x64\Debug\midl-midlc.read.1.tlog
D:\Project\Source\IPS\IPS\IPS\x64\Debug\midl-midlc.write.1.tlog
D:\Project\Source\IPS\IPS\IPS\x64\Debug\midl-midlc-cl.read.1.tlog
D:\Project\Source\IPS\IPS\IPS\x64\Debug\midl-midlc-cl.write.1.tlog
D:\Project\Source\IPS\IPS\IPS\x64\Debug\mt.command.1.tlog
D:\Project\Source\IPS\IPS\IPS\x64\Debug\mt.read.1.tlog
D:\Project\Source\IPS\IPS\IPS\x64\Debug\mt.write.1.tlog
D:\Project\Source\IPS\IPS\IPS\x64\Debug\rc.command.1.tlog
D:\Project\Source\IPS\IPS\IPS\x64\Debug\rc.read.1.tlog
D:\Project\Source\IPS\IPS\IPS\x64\Debug\rc.write.1.tlog
D:\PROJECT\SOURCE\IPS\IPS\IPS\X64\DEBUG\STDAFX.OBJ
D:\PROJECT\SOURCE\IPS\IPS\IPS\X64\DEBUG\SVERSOK.OBJ
D:\Project\Source\IPS\IPS\IPS\x64\Debug\vc100.idb
D:\PROJECT\SOURCE\IPS\IPS\IPS\X64\DEBUG\VC100.PDB
D:\PROJECT\SOURCE\IPS\IPS\X64\DEBUG\IPS.EXE
D:\PROJECT\SOURCE\IPS\IPS\X64\DEBUG\IPS.ILK
D:\PROJECT\SOURCE\IPS\IPS\X64\DEBUG\IPS.PDB
